<?xml version="1.0" encoding="UTF-8"?>
<testng-results ignored="0" total="1" passed="1" failed="0" skipped="0">
  <reporter-output>
  </reporter-output>
  <suite started-at="2022-10-03T18:07:42 EEST" name="Authorization Tests" finished-at="2022-10-03T18:07:59 EEST" duration-ms="16971">
    <groups>
    </groups>
    <test started-at="2022-10-03T18:07:42 EEST" name="Case_12" finished-at="2022-10-03T18:07:59 EEST" duration-ms="16971">
      <class name="AuthorizationCase_12">
        <test-method signature="case_12(java.lang.String,java.lang.String)[pri:0, instance:AuthorizationCase_12@2df3b89c]" started-at="2022-10-03T18:07:43 EEST" name="case_12" finished-at="2022-10-03T18:07:59 EEST" duration-ms="16911" status="PASS">
          <params>
            <param index="0">
              <value>
                <![CDATA[https://coinzix-stage1.intary.net/login]]>
              </value>
            </param>
            <param index="1">
              <value>
                <![CDATA[https://coinzix-stage1.intary.net/sign-up]]>
              </value>
            </param>
          </params>
          <reporter-output>
          </reporter-output>
        </test-method> <!-- case_12 -->
      </class> <!-- AuthorizationCase_12 -->
    </test> <!-- Case_12 -->
  </suite> <!-- Authorization Tests -->
</testng-results>
